<?xml version="1.0" encoding="UTF-8"?>
<!-- Generated by org.testng.reporters.JUnitReportReporter -->
<testsuite skipped="0" hostname="DESKTOP-TY" name="com.learnautomation.testcases.LoginTestCRM" tests="1" failures="0" timestamp="2020-03-04T17:37:14 CST" time="4.236" errors="0">
  <testcase name="loginApp" time="4.236" classname="com.learnautomation.testcases.LoginTestCRM"/>
  <system-out/>
</testsuite> <!-- com.learnautomation.testcases.LoginTestCRM -->
